<?xml version="1.0" encoding="UTF-8"?>
<!-- Generated by org.testng.reporters.JUnitReportReporter -->
<testsuite hostname="shajahanspc" failures="0" tests="1" name="com.qa.Testcase.AddToCartTest" time="10.491" errors="0" timestamp="2023-12-28T21:58:52 EET" skipped="0">
  <testcase classname="com.qa.Testcase.AddToCartTest" name="AddToCart" time="10.491"/>
</testsuite> <!-- com.qa.Testcase.AddToCartTest -->
